2021-10-12 15:18:08:18 :Reporting : System.InvalidOperationException: The source contains no DataRows.
   at System.Data.DataTableExtensions.LoadTableFromEnumerable[T](IEnumerable`1 source, DataTable table, Nullable`1 options, FillErrorEventHandler errorHandler)
   at System.Data.DataTableExtensions.CopyToDataTable[T](IEnumerable`1 source)
   at SmartReporting.ClientStatement.RemoveReversals(DataTable Results) in D:\Dev Projects\SmartSave\SmartReporting\ClientStatement.cs:line 987
2021-10-12 15:18:08:67 :Reporting : System.InvalidOperationException: The source contains no DataRows.
   at System.Data.DataTableExtensions.LoadTableFromEnumerable[T](IEnumerable`1 source, DataTable table, Nullable`1 options, FillErrorEventHandler errorHandler)
   at System.Data.DataTableExtensions.CopyToDataTable[T](IEnumerable`1 source)
   at SmartReporting.ClientStatement.RemoveReversals(DataTable Results) in D:\Dev Projects\SmartSave\SmartReporting\ClientStatement.cs:line 987
   at SmartReporting.ClientStatement.TransactionalStatement() in D:\Dev Projects\SmartSave\SmartReporting\ClientStatement.cs:line 319
2021-10-12 15:18:08:73 :Reporting : System.InvalidOperationException: The source contains no DataRows.
   at System.Data.DataTableExtensions.LoadTableFromEnumerable[T](IEnumerable`1 source, DataTable table, Nullable`1 options, FillErrorEventHandler errorHandler)
   at System.Data.DataTableExtensions.CopyToDataTable[T](IEnumerable`1 source)
   at SmartReporting.ClientStatement.RemoveReversals(DataTable Results) in D:\Dev Projects\SmartSave\SmartReporting\ClientStatement.cs:line 987
   at SmartReporting.ClientStatement.TransactionalStatement() in D:\Dev Projects\SmartSave\SmartReporting\ClientStatement.cs:line 319
   at SmartReporting.ClientStatement.TransactionDetails() in D:\Dev Projects\SmartSave\SmartReporting\ClientStatement.cs:line 292
   at SmartReporting.ClientStatement.Print(Statement statement) in D:\Dev Projects\SmartSave\SmartReporting\ClientStatement.cs:line 40
2021-10-12 15:18:08:78 :GUI : System.InvalidOperationException: The source contains no DataRows.
   at System.Data.DataTableExtensions.LoadTableFromEnumerable[T](IEnumerable`1 source, DataTable table, Nullable`1 options, FillErrorEventHandler errorHandler)
   at System.Data.DataTableExtensions.CopyToDataTable[T](IEnumerable`1 source)
   at SmartReporting.ClientStatement.RemoveReversals(DataTable Results) in D:\Dev Projects\SmartSave\SmartReporting\ClientStatement.cs:line 987
   at SmartReporting.ClientStatement.TransactionalStatement() in D:\Dev Projects\SmartSave\SmartReporting\ClientStatement.cs:line 319
   at SmartReporting.ClientStatement.TransactionDetails() in D:\Dev Projects\SmartSave\SmartReporting\ClientStatement.cs:line 292
   at SmartReporting.ClientStatement.Print(Statement statement) in D:\Dev Projects\SmartSave\SmartReporting\ClientStatement.cs:line 40
   at SmartSave.Controllers.ClientController.GeneratePDFStatement(Statement statement, Boolean isEmail) in D:\Dev Projects\SmartSave\SmartSave\Controllers\ClientController.cs:line 704
2021-10-12 15:18:49:25 :Reporting : System.InvalidOperationException: The source contains no DataRows.
   at System.Data.DataTableExtensions.LoadTableFromEnumerable[T](IEnumerable`1 source, DataTable table, Nullable`1 options, FillErrorEventHandler errorHandler)
   at System.Data.DataTableExtensions.CopyToDataTable[T](IEnumerable`1 source)
   at SmartReporting.ClientStatement.RemoveReversals(DataTable Results) in D:\Dev Projects\SmartSave\SmartReporting\ClientStatement.cs:line 987
2021-10-12 15:19:20:66 :Reporting : System.InvalidOperationException: The source contains no DataRows.
   at System.Data.DataTableExtensions.LoadTableFromEnumerable[T](IEnumerable`1 source, DataTable table, Nullable`1 options, FillErrorEventHandler errorHandler)
   at System.Data.DataTableExtensions.CopyToDataTable[T](IEnumerable`1 source)
   at SmartReporting.ClientStatement.RemoveReversals(DataTable Results) in D:\Dev Projects\SmartSave\SmartReporting\ClientStatement.cs:line 987
   at SmartReporting.ClientStatement.TransactionalStatement() in D:\Dev Projects\SmartSave\SmartReporting\ClientStatement.cs:line 319
2021-10-12 15:19:20:72 :Reporting : System.InvalidOperationException: The source contains no DataRows.
   at System.Data.DataTableExtensions.LoadTableFromEnumerable[T](IEnumerable`1 source, DataTable table, Nullable`1 options, FillErrorEventHandler errorHandler)
   at System.Data.DataTableExtensions.CopyToDataTable[T](IEnumerable`1 source)
   at SmartReporting.ClientStatement.RemoveReversals(DataTable Results) in D:\Dev Projects\SmartSave\SmartReporting\ClientStatement.cs:line 987
   at SmartReporting.ClientStatement.TransactionalStatement() in D:\Dev Projects\SmartSave\SmartReporting\ClientStatement.cs:line 319
   at SmartReporting.ClientStatement.TransactionDetails() in D:\Dev Projects\SmartSave\SmartReporting\ClientStatement.cs:line 292
   at SmartReporting.ClientStatement.Print(Statement statement) in D:\Dev Projects\SmartSave\SmartReporting\ClientStatement.cs:line 40
2021-10-12 15:19:20:79 :GUI : System.InvalidOperationException: The source contains no DataRows.
   at System.Data.DataTableExtensions.LoadTableFromEnumerable[T](IEnumerable`1 source, DataTable table, Nullable`1 options, FillErrorEventHandler errorHandler)
   at System.Data.DataTableExtensions.CopyToDataTable[T](IEnumerable`1 source)
   at SmartReporting.ClientStatement.RemoveReversals(DataTable Results) in D:\Dev Projects\SmartSave\SmartReporting\ClientStatement.cs:line 987
   at SmartReporting.ClientStatement.TransactionalStatement() in D:\Dev Projects\SmartSave\SmartReporting\ClientStatement.cs:line 319
   at SmartReporting.ClientStatement.TransactionDetails() in D:\Dev Projects\SmartSave\SmartReporting\ClientStatement.cs:line 292
   at SmartReporting.ClientStatement.Print(Statement statement) in D:\Dev Projects\SmartSave\SmartReporting\ClientStatement.cs:line 40
   at SmartSave.Controllers.ClientController.GeneratePDFStatement(Statement statement, Boolean isEmail) in D:\Dev Projects\SmartSave\SmartSave\Controllers\ClientController.cs:line 704
2021-10-12 15:20:05:86 :Reporting : System.InvalidOperationException: The source contains no DataRows.
   at System.Data.DataTableExtensions.LoadTableFromEnumerable[T](IEnumerable`1 source, DataTable table, Nullable`1 options, FillErrorEventHandler errorHandler)
   at System.Data.DataTableExtensions.CopyToDataTable[T](IEnumerable`1 source)
   at SmartReporting.ClientStatement.RemoveReversals(DataTable Results) in D:\Dev Projects\SmartSave\SmartReporting\ClientStatement.cs:line 987
2021-10-12 15:20:05:93 :Reporting : System.InvalidOperationException: The source contains no DataRows.
   at System.Data.DataTableExtensions.LoadTableFromEnumerable[T](IEnumerable`1 source, DataTable table, Nullable`1 options, FillErrorEventHandler errorHandler)
   at System.Data.DataTableExtensions.CopyToDataTable[T](IEnumerable`1 source)
   at SmartReporting.ClientStatement.RemoveReversals(DataTable Results) in D:\Dev Projects\SmartSave\SmartReporting\ClientStatement.cs:line 987
   at SmartReporting.ClientStatement.TransactionalStatement() in D:\Dev Projects\SmartSave\SmartReporting\ClientStatement.cs:line 319
2021-10-12 15:20:06:01 :Reporting : System.InvalidOperationException: The source contains no DataRows.
   at System.Data.DataTableExtensions.LoadTableFromEnumerable[T](IEnumerable`1 source, DataTable table, Nullable`1 options, FillErrorEventHandler errorHandler)
   at System.Data.DataTableExtensions.CopyToDataTable[T](IEnumerable`1 source)
   at SmartReporting.ClientStatement.RemoveReversals(DataTable Results) in D:\Dev Projects\SmartSave\SmartReporting\ClientStatement.cs:line 987
   at SmartReporting.ClientStatement.TransactionalStatement() in D:\Dev Projects\SmartSave\SmartReporting\ClientStatement.cs:line 319
   at SmartReporting.ClientStatement.TransactionDetails() in D:\Dev Projects\SmartSave\SmartReporting\ClientStatement.cs:line 292
   at SmartReporting.ClientStatement.Print(Statement statement) in D:\Dev Projects\SmartSave\SmartReporting\ClientStatement.cs:line 40
2021-10-12 15:20:06:20 :GUI : System.InvalidOperationException: The source contains no DataRows.
   at System.Data.DataTableExtensions.LoadTableFromEnumerable[T](IEnumerable`1 source, DataTable table, Nullable`1 options, FillErrorEventHandler errorHandler)
   at System.Data.DataTableExtensions.CopyToDataTable[T](IEnumerable`1 source)
   at SmartReporting.ClientStatement.RemoveReversals(DataTable Results) in D:\Dev Projects\SmartSave\SmartReporting\ClientStatement.cs:line 987
   at SmartReporting.ClientStatement.TransactionalStatement() in D:\Dev Projects\SmartSave\SmartReporting\ClientStatement.cs:line 319
   at SmartReporting.ClientStatement.TransactionDetails() in D:\Dev Projects\SmartSave\SmartReporting\ClientStatement.cs:line 292
   at SmartReporting.ClientStatement.Print(Statement statement) in D:\Dev Projects\SmartSave\SmartReporting\ClientStatement.cs:line 40
   at SmartSave.Controllers.ClientController.GeneratePDFStatement(Statement statement, Boolean isEmail) in D:\Dev Projects\SmartSave\SmartSave\Controllers\ClientController.cs:line 704
2021-10-12 15:20:46:78 :Reporting : System.InvalidOperationException: The source contains no DataRows.
   at System.Data.DataTableExtensions.LoadTableFromEnumerable[T](IEnumerable`1 source, DataTable table, Nullable`1 options, FillErrorEventHandler errorHandler)
   at System.Data.DataTableExtensions.CopyToDataTable[T](IEnumerable`1 source)
   at SmartReporting.ClientStatement.RemoveReversals(DataTable Results)
2021-10-12 15:20:46:85 :Reporting : System.InvalidOperationException: The source contains no DataRows.
   at System.Data.DataTableExtensions.LoadTableFromEnumerable[T](IEnumerable`1 source, DataTable table, Nullable`1 options, FillErrorEventHandler errorHandler)
   at System.Data.DataTableExtensions.CopyToDataTable[T](IEnumerable`1 source)
   at SmartReporting.ClientStatement.RemoveReversals(DataTable Results)
   at SmartReporting.ClientStatement.TransactionalStatement()
2021-10-12 15:20:46:90 :Reporting : System.InvalidOperationException: The source contains no DataRows.
   at System.Data.DataTableExtensions.LoadTableFromEnumerable[T](IEnumerable`1 source, DataTable table, Nullable`1 options, FillErrorEventHandler errorHandler)
   at System.Data.DataTableExtensions.CopyToDataTable[T](IEnumerable`1 source)
   at SmartReporting.ClientStatement.RemoveReversals(DataTable Results)
   at SmartReporting.ClientStatement.TransactionalStatement()
   at SmartReporting.ClientStatement.TransactionDetails()
   at SmartReporting.ClientStatement.Print(Statement statement)
2021-10-12 15:20:47:12 :GUI : System.InvalidOperationException: The source contains no DataRows.
   at System.Data.DataTableExtensions.LoadTableFromEnumerable[T](IEnumerable`1 source, DataTable table, Nullable`1 options, FillErrorEventHandler errorHandler)
   at System.Data.DataTableExtensions.CopyToDataTable[T](IEnumerable`1 source)
   at SmartReporting.ClientStatement.RemoveReversals(DataTable Results)
   at SmartReporting.ClientStatement.TransactionalStatement()
   at SmartReporting.ClientStatement.TransactionDetails()
   at SmartReporting.ClientStatement.Print(Statement statement)
   at SmartSave.Controllers.ClientController.GeneratePDFStatement(Statement statement, Boolean isEmail) in D:\Dev Projects\SmartSave\SmartSave\Controllers\ClientController.cs:line 704
2021-10-12 15:26:46:59 :Reporting : System.InvalidOperationException: The source contains no DataRows.
   at System.Data.DataTableExtensions.LoadTableFromEnumerable[T](IEnumerable`1 source, DataTable table, Nullable`1 options, FillErrorEventHandler errorHandler)
   at System.Data.DataTableExtensions.CopyToDataTable[T](IEnumerable`1 source)
   at SmartReporting.ClientStatement.RemoveReversals(DataTable Results) in D:\Dev Projects\SmartSave\SmartReporting\ClientStatement.cs:line 988
2021-10-12 18:31:42:60 :Reporting : System.ArgumentNullException: Value cannot be null. (Parameter 'text')
   at MigraDocCore.DocumentObjectModel.ParagraphElements.AddText(String text)
   at MigraDocCore.DocumentObjectModel.Paragraph.AddText(String text)
   at MigraDocCore.DocumentObjectModel.DocumentElements.AddParagraph(String text)
   at MigraDocCore.DocumentObjectModel.Tables.Cell.AddParagraph(String paragraphText)
   at SmartReporting.ProofOfPayment.TransactionDetails() in D:\Dev Projects\SmartSave\SmartReporting\ProofOfPayment.cs:line 272
2021-10-12 18:31:42:71 :Reporting : System.ArgumentNullException: Value cannot be null. (Parameter 'text')
   at MigraDocCore.DocumentObjectModel.ParagraphElements.AddText(String text)
   at MigraDocCore.DocumentObjectModel.Paragraph.AddText(String text)
   at MigraDocCore.DocumentObjectModel.DocumentElements.AddParagraph(String text)
   at MigraDocCore.DocumentObjectModel.Tables.Cell.AddParagraph(String paragraphText)
   at SmartReporting.ProofOfPayment.TransactionDetails() in D:\Dev Projects\SmartSave\SmartReporting\ProofOfPayment.cs:line 272
   at SmartReporting.ProofOfPayment.Print(Transaction paymentsFile) in D:\Dev Projects\SmartSave\SmartReporting\ProofOfPayment.cs:line 40
2021-10-12 18:31:42:77 :GUI : System.ArgumentNullException: Value cannot be null. (Parameter 'text')
   at MigraDocCore.DocumentObjectModel.ParagraphElements.AddText(String text)
   at MigraDocCore.DocumentObjectModel.Paragraph.AddText(String text)
   at MigraDocCore.DocumentObjectModel.DocumentElements.AddParagraph(String text)
   at MigraDocCore.DocumentObjectModel.Tables.Cell.AddParagraph(String paragraphText)
   at SmartReporting.ProofOfPayment.TransactionDetails() in D:\Dev Projects\SmartSave\SmartReporting\ProofOfPayment.cs:line 272
   at SmartReporting.ProofOfPayment.Print(Transaction paymentsFile) in D:\Dev Projects\SmartSave\SmartReporting\ProofOfPayment.cs:line 40
   at SmartSave.Controllers.TransactionsController.PrintReceipt(Int32 id, Boolean passwordProtect, String clientIDNumber) in D:\Dev Projects\SmartSave\SmartSave\Controllers\TransactionsController.cs:line 236
2021-10-12 18:32:05:61 :Reporting : System.ArgumentNullException: Value cannot be null. (Parameter 'text')
   at MigraDocCore.DocumentObjectModel.ParagraphElements.AddText(String text)
   at MigraDocCore.DocumentObjectModel.Paragraph.AddText(String text)
   at MigraDocCore.DocumentObjectModel.DocumentElements.AddParagraph(String text)
   at MigraDocCore.DocumentObjectModel.Tables.Cell.AddParagraph(String paragraphText)
   at SmartReporting.ProofOfPayment.TransactionDetails() in D:\Dev Projects\SmartSave\SmartReporting\ProofOfPayment.cs:line 272
2021-10-12 18:32:05:66 :Reporting : System.ArgumentNullException: Value cannot be null. (Parameter 'text')
   at MigraDocCore.DocumentObjectModel.ParagraphElements.AddText(String text)
   at MigraDocCore.DocumentObjectModel.Paragraph.AddText(String text)
   at MigraDocCore.DocumentObjectModel.DocumentElements.AddParagraph(String text)
   at MigraDocCore.DocumentObjectModel.Tables.Cell.AddParagraph(String paragraphText)
   at SmartReporting.ProofOfPayment.TransactionDetails() in D:\Dev Projects\SmartSave\SmartReporting\ProofOfPayment.cs:line 272
   at SmartReporting.ProofOfPayment.Print(Transaction paymentsFile) in D:\Dev Projects\SmartSave\SmartReporting\ProofOfPayment.cs:line 40
2021-10-12 18:32:05:72 :GUI : System.ArgumentNullException: Value cannot be null. (Parameter 'text')
   at MigraDocCore.DocumentObjectModel.ParagraphElements.AddText(String text)
   at MigraDocCore.DocumentObjectModel.Paragraph.AddText(String text)
   at MigraDocCore.DocumentObjectModel.DocumentElements.AddParagraph(String text)
   at MigraDocCore.DocumentObjectModel.Tables.Cell.AddParagraph(String paragraphText)
   at SmartReporting.ProofOfPayment.TransactionDetails() in D:\Dev Projects\SmartSave\SmartReporting\ProofOfPayment.cs:line 272
   at SmartReporting.ProofOfPayment.Print(Transaction paymentsFile) in D:\Dev Projects\SmartSave\SmartReporting\ProofOfPayment.cs:line 40
   at SmartSave.Controllers.TransactionsController.PrintReceipt(Int32 id, Boolean passwordProtect, String clientIDNumber) in D:\Dev Projects\SmartSave\SmartSave\Controllers\TransactionsController.cs:line 236
