2021-04-27 13:21:49:06 :Helper : System.Exception: Getting Clients
2021-04-27 13:23:26:91 :Helper : System.Exception: Getting Clients
2021-04-27 13:28:17:64 :Helper : System.Exception: Getting Clients
2021-04-27 15:39:09:03 :Helper : System.Exception: Getting Clients
2021-04-27 15:41:48:46 :Helper : System.Exception: Getting Clients
2021-04-27 16:02:25:63 :Helper : System.Exception: Getting Clients
2021-04-27 16:07:03:80 :Helper : System.Exception: Getting Clients
2021-04-27 16:11:22:32 :Helper : System.Exception: Getting Clients
2021-04-27 16:21:46:93 :Helper : System.Exception: Getting Clients
2021-04-27 16:24:12:42 :Helper : System.Exception: Getting Clients
2021-04-27 16:27:42:19 :Helper : System.Exception: Getting Clients
2021-04-27 16:32:48:35 :Helper : System.Exception: Getting Clients
2021-04-27 16:33:17:37 :Helper : System.Exception: Getting Clients
2021-04-27 16:43:54:42 :Helper : System.Exception: Getting Clients
2021-04-27 17:09:34:99 :Helper : System.Exception: Getting Clients
2021-04-27 17:15:48:05 :Helper : System.Exception: Getting Clients
2021-04-27 17:25:14:31 :Helper : System.Exception: Getting Clients
2021-04-27 17:40:44:80 :Helper : System.Exception: Getting Clients
2021-04-27 17:51:02:15 :Helper : System.Exception: Getting Clients
2021-04-27 17:52:57:94 :Helper : System.Exception: Getting Clients
2021-04-27 17:53:19:12 :Helper : System.Exception: Getting Clients
2021-04-27 17:53:46:62 :Helper : System.Exception: Getting Clients
2021-04-27 18:24:26:44 :Helper : System.Exception: Getting Clients
2021-04-27 18:46:56:46 :Helper : System.Exception: Getting Clients
2021-04-27 18:53:07:98 :Helper : System.Exception: Getting Clients
2021-04-27 19:01:32:39 :Helper : System.Exception: Getting Clients
2021-04-27 19:21:06:41 :Helper : System.Exception: Getting Clients
2021-04-27 19:23:32:06 :Reporting : System.ArgumentOutOfRangeException: Specified argument was out of the range of valid values. (Parameter 'index')
   at MigraDocCore.DocumentObjectModel.Tables.Cells.get_Item(Int32 index)
   at MigraDocCore.DocumentObjectModel.Tables.Table.SetEdge(Int32 clm, Int32 row, Int32 clms, Int32 rows, Edge edge, BorderStyle style, Unit width, Color clr)
   at MigraDocCore.DocumentObjectModel.Tables.Table.SetEdge(Int32 clm, Int32 row, Int32 clms, Int32 rows, Edge edge, BorderStyle style, Unit width)
   at SmartReporting.OutStandingPayments.TransactionList(List`1 Results) in D:\Dev Projects\SmartSave\SmartReporting\OutStandingPayments.cs:line 366
2021-04-27 19:23:32:25 :Reporting : System.ArgumentOutOfRangeException: Specified argument was out of the range of valid values. (Parameter 'index')
   at MigraDocCore.DocumentObjectModel.Tables.Cells.get_Item(Int32 index)
   at MigraDocCore.DocumentObjectModel.Tables.Table.SetEdge(Int32 clm, Int32 row, Int32 clms, Int32 rows, Edge edge, BorderStyle style, Unit width, Color clr)
   at MigraDocCore.DocumentObjectModel.Tables.Table.SetEdge(Int32 clm, Int32 row, Int32 clms, Int32 rows, Edge edge, BorderStyle style, Unit width)
   at SmartReporting.OutStandingPayments.TransactionList(List`1 Results) in D:\Dev Projects\SmartSave\SmartReporting\OutStandingPayments.cs:line 366
   at SmartReporting.OutStandingPayments.Print(OutstandingStatement statement) in D:\Dev Projects\SmartSave\SmartReporting\OutStandingPayments.cs:line 41
2021-04-27 19:25:45:80 :Helper : System.Exception: Getting Clients
2021-04-27 19:30:46:48 :Helper : System.Exception: Getting Clients
2021-04-27 19:32:22:34 :Reporting : System.ArgumentOutOfRangeException: Specified argument was out of the range of valid values. (Parameter 'index')
   at MigraDocCore.DocumentObjectModel.Tables.Cells.get_Item(Int32 index)
   at MigraDocCore.DocumentObjectModel.Tables.Table.SetEdge(Int32 clm, Int32 row, Int32 clms, Int32 rows, Edge edge, BorderStyle style, Unit width, Color clr)
   at SmartReporting.OutStandingPayments.TransactionList(List`1 Results) in D:\Dev Projects\SmartSave\SmartReporting\OutStandingPayments.cs:line 265
2021-04-27 19:32:22:44 :Reporting : System.ArgumentOutOfRangeException: Specified argument was out of the range of valid values. (Parameter 'index')
   at MigraDocCore.DocumentObjectModel.Tables.Cells.get_Item(Int32 index)
   at MigraDocCore.DocumentObjectModel.Tables.Table.SetEdge(Int32 clm, Int32 row, Int32 clms, Int32 rows, Edge edge, BorderStyle style, Unit width, Color clr)
   at SmartReporting.OutStandingPayments.TransactionList(List`1 Results) in D:\Dev Projects\SmartSave\SmartReporting\OutStandingPayments.cs:line 265
   at SmartReporting.OutStandingPayments.Print(OutstandingStatement statement) in D:\Dev Projects\SmartSave\SmartReporting\OutStandingPayments.cs:line 41
2021-04-27 20:17:45:57 :Helper : System.Exception: Getting Clients
2021-04-27 20:40:18:27 :Helper : System.Exception: Getting Clients
2021-04-27 20:47:18:75 :Helper : System.Exception: Getting Clients
2021-04-27 20:53:59:34 :Helper : System.Exception: Getting Clients
2021-04-27 21:01:06:04 :Helper : System.Exception: Getting Clients
2021-04-27 21:28:31:31 :Helper : System.Exception: Getting Clients
2021-04-27 21:48:39:65 :Helper : System.Exception: Getting Clients
2021-04-27 22:08:49:84 :Helper : System.Exception: Getting Clients
