2022-01-26 03:24:06:89 :Logic Base : Microsoft.EntityFrameworkCore.DbUpdateException: An error occurred while updating the entries. See the inner exception for details.
 ---> Microsoft.Data.SqlClient.SqlException (0x80131904): Invalid object name 'KonapoFundReports'.
   at Microsoft.Data.SqlClient.SqlCommand.<>c.<ExecuteDbDataReaderAsync>b__164_0(Task`1 result)
   at System.Threading.Tasks.ContinuationResultTaskFromResultTask`2.InnerInvoke()
   at System.Threading.Tasks.Task.<>c.<.cctor>b__274_0(Object obj)
   at System.Threading.ExecutionContext.RunInternal(ExecutionContext executionContext, ContextCallback callback, Object state)
--- End of stack trace from previous location where exception was thrown ---
   at System.Threading.ExecutionContext.RunInternal(ExecutionContext executionContext, ContextCallback callback, Object state)
   at System.Threading.Tasks.Task.ExecuteWithThreadLocal(Task& currentTaskSlot, Thread threadPoolThread)
--- End of stack trace from previous location where exception was thrown ---
   at Microsoft.EntityFrameworkCore.Storage.RelationalCommand.ExecuteReaderAsync(RelationalCommandParameterObject parameterObject, CancellationToken cancellationToken)
   at Microsoft.EntityFrameworkCore.Storage.RelationalCommand.ExecuteReaderAsync(RelationalCommandParameterObject parameterObject, CancellationToken cancellationToken)
   at Microsoft.EntityFrameworkCore.Storage.RelationalCommand.ExecuteReaderAsync(RelationalCommandParameterObject parameterObject, CancellationToken cancellationToken)
   at Microsoft.EntityFrameworkCore.Update.ReaderModificationCommandBatch.ExecuteAsync(IRelationalConnection connection, CancellationToken cancellationToken)
ClientConnectionId:1f8c9747-5e1b-48fe-a5d0-3bcfb86a16bb
Error Number:208,State:1,Class:16
   --- End of inner exception stack trace ---
   at Microsoft.EntityFrameworkCore.Update.ReaderModificationCommandBatch.ExecuteAsync(IRelationalConnection connection, CancellationToken cancellationToken)
   at Microsoft.EntityFrameworkCore.Update.Internal.BatchExecutor.ExecuteAsync(IEnumerable`1 commandBatches, IRelationalConnection connection, CancellationToken cancellationToken)
   at Microsoft.EntityFrameworkCore.Update.Internal.BatchExecutor.ExecuteAsync(IEnumerable`1 commandBatches, IRelationalConnection connection, CancellationToken cancellationToken)
   at Microsoft.EntityFrameworkCore.ChangeTracking.Internal.StateManager.SaveChangesAsync(IList`1 entriesToSave, CancellationToken cancellationToken)
   at Microsoft.EntityFrameworkCore.ChangeTracking.Internal.StateManager.SaveChangesAsync(DbContext _, Boolean acceptAllChangesOnSuccess, CancellationToken cancellationToken)
   at Microsoft.EntityFrameworkCore.SqlServer.Storage.Internal.SqlServerExecutionStrategy.ExecuteAsync[TState,TResult](TState state, Func`4 operation, Func`4 verifySucceeded, CancellationToken cancellationToken)
   at Microsoft.EntityFrameworkCore.DbContext.SaveChangesAsync(Boolean acceptAllChangesOnSuccess, CancellationToken cancellationToken)
   at SmartLogic.KonapoFundService.Save(KonapoFundReport konapoFundReport) in C:\DEV\SmartWealth\SmartLogic\Service\KonapoFundService.cs:line 454
2022-01-26 04:01:01:05 :Logic Base : System.ObjectDisposedException: Cannot access a disposed object. A common cause of this error is disposing a context that was resolved from dependency injection and then later trying to use the same context instance elsewhere in your application. This may occur if you are calling Dispose() on the context, or wrapping the context in a using statement. If you are using dependency injection, you should let the dependency injection container take care of disposing context instances.
Object name: 'DatabaseContext'.
   at Microsoft.EntityFrameworkCore.DbContext.CheckDisposed()
   at Microsoft.EntityFrameworkCore.DbContext.get_DbContextDependencies()
   at Microsoft.EntityFrameworkCore.DbContext.SaveChangesAsync(Boolean acceptAllChangesOnSuccess, CancellationToken cancellationToken)
   at SmartLogic.KonapoFundService.Update(KonapoFundReport konapoFundReport) in C:\DEV\SmartWealth\SmartLogic\Service\KonapoFundService.cs:line 435
2022-01-26 05:32:03:76 :Logic Base : System.ObjectDisposedException: Cannot access a disposed object. A common cause of this error is disposing a context that was resolved from dependency injection and then later trying to use the same context instance elsewhere in your application. This may occur if you are calling Dispose() on the context, or wrapping the context in a using statement. If you are using dependency injection, you should let the dependency injection container take care of disposing context instances.
Object name: 'DatabaseContext'.
   at Microsoft.EntityFrameworkCore.DbContext.CheckDisposed()
   at Microsoft.EntityFrameworkCore.DbContext.get_DbContextDependencies()
   at Microsoft.EntityFrameworkCore.DbContext.SaveChangesAsync(Boolean acceptAllChangesOnSuccess, CancellationToken cancellationToken)
   at SmartLogic.KonapoFundService.Update(KonapoFundReport konapoFundReport) in C:\DEV\SmartWealth\SmartLogic\Service\KonapoFundService.cs:line 435
2022-01-26 05:35:41:61 :Reporting : System.Resources.MissingManifestResourceException: Could not find the resource "MigraDoc.DocumentObjectModel.MigraDoc.DocumentObjectModel.Resources.AppResources.resources" among the resources "MigraDocCore.DocumentObjectModel.MigraDoc.DocumentObjectModel.Resources.AppResources.resources" embedded in the assembly "MigraDocCore.DocumentObjectModel", nor among the resources in any satellite assemblies for the specified culture. Perhaps the resources were embedded with an incorrect name.
   at System.Resources.ManifestBasedResourceGroveler.HandleResourceStreamMissing(String fileName)
   at System.Resources.ManifestBasedResourceGroveler.GrovelForResourceSet(CultureInfo culture, Dictionary`2 localResourceSets, Boolean tryParents, Boolean createIfNotExists)
   at System.Resources.ResourceManager.InternalGetResourceSet(CultureInfo culture, Boolean createIfNotExists, Boolean tryParents)
   at System.Resources.ResourceManager.GetString(String name, CultureInfo culture)
   at MigraDocCore.DocumentObjectModel.MigraDoc.DocumentObjectModel.Resources.AppResources.get_InvalidEnumForTopPosition()
   at MigraDocCore.DocumentObjectModel.Shapes.TopPosition..ctor(ShapePosition value)
   at MigraDocCore.DocumentObjectModel.Shapes.TopPosition.op_Implicit(ShapePosition value)
   at SmartReporting.KhonapoFundReport.PrintQRCode() in C:\DEV\SmartWealth\SmartReporting\KhonapoFundReport.cs:line 571
2022-01-26 05:35:41:72 :Reporting : System.Resources.MissingManifestResourceException: Could not find the resource "MigraDoc.DocumentObjectModel.MigraDoc.DocumentObjectModel.Resources.AppResources.resources" among the resources "MigraDocCore.DocumentObjectModel.MigraDoc.DocumentObjectModel.Resources.AppResources.resources" embedded in the assembly "MigraDocCore.DocumentObjectModel", nor among the resources in any satellite assemblies for the specified culture. Perhaps the resources were embedded with an incorrect name.
   at System.Resources.ManifestBasedResourceGroveler.HandleResourceStreamMissing(String fileName)
   at System.Resources.ManifestBasedResourceGroveler.GrovelForResourceSet(CultureInfo culture, Dictionary`2 localResourceSets, Boolean tryParents, Boolean createIfNotExists)
   at System.Resources.ResourceManager.InternalGetResourceSet(CultureInfo culture, Boolean createIfNotExists, Boolean tryParents)
   at System.Resources.ResourceManager.GetString(String name, CultureInfo culture)
   at MigraDocCore.DocumentObjectModel.MigraDoc.DocumentObjectModel.Resources.AppResources.get_InvalidEnumForTopPosition()
   at MigraDocCore.DocumentObjectModel.Shapes.TopPosition..ctor(ShapePosition value)
   at MigraDocCore.DocumentObjectModel.Shapes.TopPosition.op_Implicit(ShapePosition value)
   at SmartReporting.KhonapoFundReport.PrintQRCode() in C:\DEV\SmartWealth\SmartReporting\KhonapoFundReport.cs:line 571
   at SmartReporting.KhonapoFundReport.Print(KhonapoReport statement) in C:\DEV\SmartWealth\SmartReporting\KhonapoFundReport.cs:line 45
2022-01-26 05:35:41:74 :GUI : System.Resources.MissingManifestResourceException: Could not find the resource "MigraDoc.DocumentObjectModel.MigraDoc.DocumentObjectModel.Resources.AppResources.resources" among the resources "MigraDocCore.DocumentObjectModel.MigraDoc.DocumentObjectModel.Resources.AppResources.resources" embedded in the assembly "MigraDocCore.DocumentObjectModel", nor among the resources in any satellite assemblies for the specified culture. Perhaps the resources were embedded with an incorrect name.
   at System.Resources.ManifestBasedResourceGroveler.HandleResourceStreamMissing(String fileName)
   at System.Resources.ManifestBasedResourceGroveler.GrovelForResourceSet(CultureInfo culture, Dictionary`2 localResourceSets, Boolean tryParents, Boolean createIfNotExists)
   at System.Resources.ResourceManager.InternalGetResourceSet(CultureInfo culture, Boolean createIfNotExists, Boolean tryParents)
   at System.Resources.ResourceManager.GetString(String name, CultureInfo culture)
   at MigraDocCore.DocumentObjectModel.MigraDoc.DocumentObjectModel.Resources.AppResources.get_InvalidEnumForTopPosition()
   at MigraDocCore.DocumentObjectModel.Shapes.TopPosition..ctor(ShapePosition value)
   at MigraDocCore.DocumentObjectModel.Shapes.TopPosition.op_Implicit(ShapePosition value)
   at SmartReporting.KhonapoFundReport.PrintQRCode() in C:\DEV\SmartWealth\SmartReporting\KhonapoFundReport.cs:line 571
   at SmartReporting.KhonapoFundReport.Print(KhonapoReport statement) in C:\DEV\SmartWealth\SmartReporting\KhonapoFundReport.cs:line 45
   at SmartSave.Controllers.KonapoFundController.GenerateKhonapoReport(KhonapoReport statement) in C:\DEV\SmartWealth\SmartSave\Controllers\KonapoFundController.cs:line 278
2022-01-26 05:35:46:53 :Reporting : System.Resources.MissingManifestResourceException: Could not find the resource "MigraDoc.DocumentObjectModel.MigraDoc.DocumentObjectModel.Resources.AppResources.resources" among the resources "MigraDocCore.DocumentObjectModel.MigraDoc.DocumentObjectModel.Resources.AppResources.resources" embedded in the assembly "MigraDocCore.DocumentObjectModel", nor among the resources in any satellite assemblies for the specified culture. Perhaps the resources were embedded with an incorrect name.
   at System.Resources.ManifestBasedResourceGroveler.HandleResourceStreamMissing(String fileName)
   at System.Resources.ManifestBasedResourceGroveler.GrovelForResourceSet(CultureInfo culture, Dictionary`2 localResourceSets, Boolean tryParents, Boolean createIfNotExists)
   at System.Resources.ResourceManager.InternalGetResourceSet(CultureInfo culture, Boolean createIfNotExists, Boolean tryParents)
   at System.Resources.ResourceManager.GetString(String name, CultureInfo culture)
   at MigraDocCore.DocumentObjectModel.MigraDoc.DocumentObjectModel.Resources.AppResources.get_InvalidEnumForTopPosition()
   at MigraDocCore.DocumentObjectModel.Shapes.TopPosition..ctor(ShapePosition value)
   at MigraDocCore.DocumentObjectModel.Shapes.TopPosition.op_Implicit(ShapePosition value)
   at SmartReporting.KhonapoFundReport.PrintQRCode() in C:\DEV\SmartWealth\SmartReporting\KhonapoFundReport.cs:line 571
2022-01-26 05:35:46:56 :Reporting : System.Resources.MissingManifestResourceException: Could not find the resource "MigraDoc.DocumentObjectModel.MigraDoc.DocumentObjectModel.Resources.AppResources.resources" among the resources "MigraDocCore.DocumentObjectModel.MigraDoc.DocumentObjectModel.Resources.AppResources.resources" embedded in the assembly "MigraDocCore.DocumentObjectModel", nor among the resources in any satellite assemblies for the specified culture. Perhaps the resources were embedded with an incorrect name.
   at System.Resources.ManifestBasedResourceGroveler.HandleResourceStreamMissing(String fileName)
   at System.Resources.ManifestBasedResourceGroveler.GrovelForResourceSet(CultureInfo culture, Dictionary`2 localResourceSets, Boolean tryParents, Boolean createIfNotExists)
   at System.Resources.ResourceManager.InternalGetResourceSet(CultureInfo culture, Boolean createIfNotExists, Boolean tryParents)
   at System.Resources.ResourceManager.GetString(String name, CultureInfo culture)
   at MigraDocCore.DocumentObjectModel.MigraDoc.DocumentObjectModel.Resources.AppResources.get_InvalidEnumForTopPosition()
   at MigraDocCore.DocumentObjectModel.Shapes.TopPosition..ctor(ShapePosition value)
   at MigraDocCore.DocumentObjectModel.Shapes.TopPosition.op_Implicit(ShapePosition value)
   at SmartReporting.KhonapoFundReport.PrintQRCode() in C:\DEV\SmartWealth\SmartReporting\KhonapoFundReport.cs:line 571
   at SmartReporting.KhonapoFundReport.Print(KhonapoReport statement) in C:\DEV\SmartWealth\SmartReporting\KhonapoFundReport.cs:line 45
2022-01-26 05:35:46:59 :GUI : System.Resources.MissingManifestResourceException: Could not find the resource "MigraDoc.DocumentObjectModel.MigraDoc.DocumentObjectModel.Resources.AppResources.resources" among the resources "MigraDocCore.DocumentObjectModel.MigraDoc.DocumentObjectModel.Resources.AppResources.resources" embedded in the assembly "MigraDocCore.DocumentObjectModel", nor among the resources in any satellite assemblies for the specified culture. Perhaps the resources were embedded with an incorrect name.
   at System.Resources.ManifestBasedResourceGroveler.HandleResourceStreamMissing(String fileName)
   at System.Resources.ManifestBasedResourceGroveler.GrovelForResourceSet(CultureInfo culture, Dictionary`2 localResourceSets, Boolean tryParents, Boolean createIfNotExists)
   at System.Resources.ResourceManager.InternalGetResourceSet(CultureInfo culture, Boolean createIfNotExists, Boolean tryParents)
   at System.Resources.ResourceManager.GetString(String name, CultureInfo culture)
   at MigraDocCore.DocumentObjectModel.MigraDoc.DocumentObjectModel.Resources.AppResources.get_InvalidEnumForTopPosition()
   at MigraDocCore.DocumentObjectModel.Shapes.TopPosition..ctor(ShapePosition value)
   at MigraDocCore.DocumentObjectModel.Shapes.TopPosition.op_Implicit(ShapePosition value)
   at SmartReporting.KhonapoFundReport.PrintQRCode() in C:\DEV\SmartWealth\SmartReporting\KhonapoFundReport.cs:line 571
   at SmartReporting.KhonapoFundReport.Print(KhonapoReport statement) in C:\DEV\SmartWealth\SmartReporting\KhonapoFundReport.cs:line 45
   at SmartSave.Controllers.KonapoFundController.GenerateKhonapoReport(KhonapoReport statement) in C:\DEV\SmartWealth\SmartSave\Controllers\KonapoFundController.cs:line 278
2022-01-26 05:36:01:46 :Reporting : System.Resources.MissingManifestResourceException: Could not find the resource "MigraDoc.DocumentObjectModel.MigraDoc.DocumentObjectModel.Resources.AppResources.resources" among the resources "MigraDocCore.DocumentObjectModel.MigraDoc.DocumentObjectModel.Resources.AppResources.resources" embedded in the assembly "MigraDocCore.DocumentObjectModel", nor among the resources in any satellite assemblies for the specified culture. Perhaps the resources were embedded with an incorrect name.
   at System.Resources.ManifestBasedResourceGroveler.HandleResourceStreamMissing(String fileName)
   at System.Resources.ManifestBasedResourceGroveler.GrovelForResourceSet(CultureInfo culture, Dictionary`2 localResourceSets, Boolean tryParents, Boolean createIfNotExists)
   at System.Resources.ResourceManager.InternalGetResourceSet(CultureInfo culture, Boolean createIfNotExists, Boolean tryParents)
   at System.Resources.ResourceManager.GetString(String name, CultureInfo culture)
   at MigraDocCore.DocumentObjectModel.MigraDoc.DocumentObjectModel.Resources.AppResources.get_InvalidEnumForTopPosition()
   at MigraDocCore.DocumentObjectModel.Shapes.TopPosition..ctor(ShapePosition value)
   at MigraDocCore.DocumentObjectModel.Shapes.TopPosition.op_Implicit(ShapePosition value)
   at SmartReporting.KhonapoFundReport.PrintQRCode() in C:\DEV\SmartWealth\SmartReporting\KhonapoFundReport.cs:line 571
2022-01-26 05:36:01:49 :Reporting : System.Resources.MissingManifestResourceException: Could not find the resource "MigraDoc.DocumentObjectModel.MigraDoc.DocumentObjectModel.Resources.AppResources.resources" among the resources "MigraDocCore.DocumentObjectModel.MigraDoc.DocumentObjectModel.Resources.AppResources.resources" embedded in the assembly "MigraDocCore.DocumentObjectModel", nor among the resources in any satellite assemblies for the specified culture. Perhaps the resources were embedded with an incorrect name.
   at System.Resources.ManifestBasedResourceGroveler.HandleResourceStreamMissing(String fileName)
   at System.Resources.ManifestBasedResourceGroveler.GrovelForResourceSet(CultureInfo culture, Dictionary`2 localResourceSets, Boolean tryParents, Boolean createIfNotExists)
   at System.Resources.ResourceManager.InternalGetResourceSet(CultureInfo culture, Boolean createIfNotExists, Boolean tryParents)
   at System.Resources.ResourceManager.GetString(String name, CultureInfo culture)
   at MigraDocCore.DocumentObjectModel.MigraDoc.DocumentObjectModel.Resources.AppResources.get_InvalidEnumForTopPosition()
   at MigraDocCore.DocumentObjectModel.Shapes.TopPosition..ctor(ShapePosition value)
   at MigraDocCore.DocumentObjectModel.Shapes.TopPosition.op_Implicit(ShapePosition value)
   at SmartReporting.KhonapoFundReport.PrintQRCode() in C:\DEV\SmartWealth\SmartReporting\KhonapoFundReport.cs:line 571
   at SmartReporting.KhonapoFundReport.Print(KhonapoReport statement) in C:\DEV\SmartWealth\SmartReporting\KhonapoFundReport.cs:line 45
2022-01-26 05:36:01:51 :GUI : System.Resources.MissingManifestResourceException: Could not find the resource "MigraDoc.DocumentObjectModel.MigraDoc.DocumentObjectModel.Resources.AppResources.resources" among the resources "MigraDocCore.DocumentObjectModel.MigraDoc.DocumentObjectModel.Resources.AppResources.resources" embedded in the assembly "MigraDocCore.DocumentObjectModel", nor among the resources in any satellite assemblies for the specified culture. Perhaps the resources were embedded with an incorrect name.
   at System.Resources.ManifestBasedResourceGroveler.HandleResourceStreamMissing(String fileName)
   at System.Resources.ManifestBasedResourceGroveler.GrovelForResourceSet(CultureInfo culture, Dictionary`2 localResourceSets, Boolean tryParents, Boolean createIfNotExists)
   at System.Resources.ResourceManager.InternalGetResourceSet(CultureInfo culture, Boolean createIfNotExists, Boolean tryParents)
   at System.Resources.ResourceManager.GetString(String name, CultureInfo culture)
   at MigraDocCore.DocumentObjectModel.MigraDoc.DocumentObjectModel.Resources.AppResources.get_InvalidEnumForTopPosition()
   at MigraDocCore.DocumentObjectModel.Shapes.TopPosition..ctor(ShapePosition value)
   at MigraDocCore.DocumentObjectModel.Shapes.TopPosition.op_Implicit(ShapePosition value)
   at SmartReporting.KhonapoFundReport.PrintQRCode() in C:\DEV\SmartWealth\SmartReporting\KhonapoFundReport.cs:line 571
   at SmartReporting.KhonapoFundReport.Print(KhonapoReport statement) in C:\DEV\SmartWealth\SmartReporting\KhonapoFundReport.cs:line 45
   at SmartSave.Controllers.KonapoFundController.GenerateKhonapoReport(KhonapoReport statement) in C:\DEV\SmartWealth\SmartSave\Controllers\KonapoFundController.cs:line 278
2022-01-26 05:41:30:44 :Logic Base : System.ObjectDisposedException: Cannot access a disposed object. A common cause of this error is disposing a context that was resolved from dependency injection and then later trying to use the same context instance elsewhere in your application. This may occur if you are calling Dispose() on the context, or wrapping the context in a using statement. If you are using dependency injection, you should let the dependency injection container take care of disposing context instances.
Object name: 'DatabaseContext'.
   at Microsoft.EntityFrameworkCore.DbContext.CheckDisposed()
   at Microsoft.EntityFrameworkCore.DbContext.get_DbContextDependencies()
   at Microsoft.EntityFrameworkCore.DbContext.SaveChangesAsync(Boolean acceptAllChangesOnSuccess, CancellationToken cancellationToken)
   at SmartLogic.KonapoFundService.Update(KonapoFundReport konapoFundReport) in C:\DEV\SmartWealth\SmartLogic\Service\KonapoFundService.cs:line 435
2022-01-26 05:46:25:65 :Logic Base : System.ObjectDisposedException: Cannot access a disposed object. A common cause of this error is disposing a context that was resolved from dependency injection and then later trying to use the same context instance elsewhere in your application. This may occur if you are calling Dispose() on the context, or wrapping the context in a using statement. If you are using dependency injection, you should let the dependency injection container take care of disposing context instances.
Object name: 'DatabaseContext'.
   at Microsoft.EntityFrameworkCore.DbContext.CheckDisposed()
   at Microsoft.EntityFrameworkCore.DbContext.get_DbContextDependencies()
   at Microsoft.EntityFrameworkCore.DbContext.SaveChangesAsync(Boolean acceptAllChangesOnSuccess, CancellationToken cancellationToken)
   at SmartLogic.KonapoFundService.Update(KonapoFundReport konapoFundReport) in C:\DEV\SmartWealth\SmartLogic\Service\KonapoFundService.cs:line 435
2022-01-26 05:49:49:99 :Logic Base : System.ObjectDisposedException: Cannot access a disposed object. A common cause of this error is disposing a context that was resolved from dependency injection and then later trying to use the same context instance elsewhere in your application. This may occur if you are calling Dispose() on the context, or wrapping the context in a using statement. If you are using dependency injection, you should let the dependency injection container take care of disposing context instances.
Object name: 'DatabaseContext'.
   at Microsoft.EntityFrameworkCore.DbContext.CheckDisposed()
   at Microsoft.EntityFrameworkCore.DbContext.get_DbContextDependencies()
   at Microsoft.EntityFrameworkCore.DbContext.SaveChangesAsync(Boolean acceptAllChangesOnSuccess, CancellationToken cancellationToken)
   at SmartLogic.KonapoFundService.Update(KonapoFundReport konapoFundReport) in C:\DEV\SmartWealth\SmartLogic\Service\KonapoFundService.cs:line 435
